<?xml version="1.0" encoding="UTF-8"?>
<testsuite xmlns:xsi="http://www.w3.org/2001/XMLSchema-instance" xsi:noNamespaceSchemaLocation="https://maven.apache.org/surefire/maven-surefire-plugin/xsd/surefire-test-report-3.0.xsd" version="3.0" name="ac.il.bgu.qa.TestLibrary" time="1.748" tests="69" errors="0" skipped="0" failures="0">
  <properties>
[...]
</properties>
  <testcase name="givenAUserThatIsNull_whenRegisterUser_ThenRaiseIllegalArgumentException" classname="ac.il.bgu.qa.TestLibrary" time="1.347"/>
  <testcase name="givenISBNIsNull_whenReturnBook_ThenRaiseIllegalArgumentException" classname="ac.il.bgu.qa.TestLibrary" time="0.01"/>
  <testcase name="givenAnIllegalISBNNumberWithTheSumOfTheDigitsModuluTenIsZero_whenAddBook_ThenRaiseIllegalArgumentException" classname="ac.il.bgu.qa.TestLibrary" time="0.016"/>
  <testcase name="givenAllInfoCorrect_whenRegisterUser_thenFunctionFllowsCompletly" classname="ac.il.bgu.qa.TestLibrary" time="0.01"/>
  <testcase name="givenInvalidUserIdISBNisValid_whenGetBookByISBN_thenIllegalArgumentException" classname="ac.il.bgu.qa.TestLibrary" time="0.005"/>
  <testcase name="givenBookWithEmptyStringForTitle_whenAddBook_ThenRaiseIllegalArgumentException" classname="ac.il.bgu.qa.TestLibrary" time="0.007"/>
  <testcase name="givenAnIssueFetchingTheReviews_whenNotifyUserWithBookReviews_ThenRaiseBookNotFoundException" classname="ac.il.bgu.qa.TestLibrary" time="0.009"/>
  <testcase name="givenUserWithNullID_whenBorrowBook_ThenRaiseIllegalArgumentException" classname="ac.il.bgu.qa.TestLibrary" time="0.006"/>
  <testcase name="givenNotificationFailedToBeSent_whenNotifyUserWithBookReviews_thenNotificationException" classname="ac.il.bgu.qa.TestLibrary" time="0.016">
    <system-err><![CDATA[Notification failed! Retrying attempt 1/5
Notification failed! Retrying attempt 2/5
Notification failed! Retrying attempt 3/5
Notification failed! Retrying attempt 4/5
Notification failed! Retrying attempt 5/5
]]></system-err>
  </testcase>
  <testcase name="givenBookISBNIsmoreThanThirdteen_whenBorrowBook_ThenRaiseIllegalArgumentException" classname="ac.il.bgu.qa.TestLibrary" time="0.008"/>
  <testcase name="givenISBNIsNull_whenBorrowBook_ThenRaiseIllegalArgumentException" classname="ac.il.bgu.qa.TestLibrary" time="0.005"/>
  <testcase name="givenISBNisNotNfLengthThirdteen_whenReturnBook_ThenRaiseIllegalArgumentException" classname="ac.il.bgu.qa.TestLibrary" time="0.004"/>
  <testcase name="givenAllInfoIsCorrect_whenReturnBook_thenTheFunctionShouldWorkCompletely" classname="ac.il.bgu.qa.TestLibrary" time="0.005"/>
  <testcase name="givenBookWithNullForTitle_whenAddBook_ThenRaiseIllegalArgumentException" classname="ac.il.bgu.qa.TestLibrary" time="0.003"/>
  <testcase name="givenUserNameIsNull_whenRegisterUser_ThenRaiseIllegalArgumentException" classname="ac.il.bgu.qa.TestLibrary" time="0.006"/>
  <testcase name="givenTheReviewsWereFetchedAndTheNotificationWasSentSuccessfully_whenNotifyUserWithBookReviews_thenReturn" classname="ac.il.bgu.qa.TestLibrary" time="0.005"/>
  <testcase name="givenThereIsAnErrorWithTheNotificationTheBookWillBeReturned_whenGetBookByISBN_thenBookAlreadyBorrowedException" classname="ac.il.bgu.qa.TestLibrary" time="0.004">
    <system-out><![CDATA[Notification failed!
]]></system-out>
  </testcase>
  <testcase name="givenISBNisNotNfLengthThirdteen_whenBorrowBook_ThenRaiseIllegalArgumentException" classname="ac.il.bgu.qa.TestLibrary" time="0.005"/>
  <testcase name="givenBookWithNonAlphaBeticLastCharacterInAuthorName_whenAddBook_ThenRaiseIllegalArgumentException" classname="ac.il.bgu.qa.TestLibrary" time="0.008"/>
  <testcase name="givenBookWithValidISBNTheBookIsNull_whenBorrowBook_ThenRaiseBookNotFoundException" classname="ac.il.bgu.qa.TestLibrary" time="0.004"/>
  <testcase name="givenBookISBNisLessThenLengthThirdteen_whenAddBook_ThenRaiseIllegalArgumentException" classname="ac.il.bgu.qa.TestLibrary" time="0.003"/>
  <testcase name="givenBookISBNIsNull_whenAddBook_ThenRaiseIllegalArgumentException" classname="ac.il.bgu.qa.TestLibrary" time="0.003"/>
  <testcase name="givenBorrowedBookIsAlreadyBorrowed_whenBorrowBook_ThenRaiseIllegalArgumentException" classname="ac.il.bgu.qa.TestLibrary" time="0.004"/>
  <testcase name="givenInvalidUserIdIsNullISBNisValid_whenGetBookByISBN_thenIllegalArgumentException" classname="ac.il.bgu.qa.TestLibrary" time="0.004"/>
  <testcase name="givenISBNNumberHasLetter_whenAddBook_ThenRaiseIllegalArgumentException" classname="ac.il.bgu.qa.TestLibrary" time="0.003"/>
  <testcase name="givenBookWasntBorrowed_whenReturnBook_ThenRaiseBookNotFoundException" classname="ac.il.bgu.qa.TestLibrary" time="0.003"/>
  <testcase name="givenBookWithNonAlphaBeticFirstCharacterInAuthorName_whenAddBook_ThenRaiseIllegalArgumentException" classname="ac.il.bgu.qa.TestLibrary" time="0.004"/>
  <testcase name="givenBookWithEmptyStringForAuthor_whenAddBook_ThenRaiseIllegalArgumentException" classname="ac.il.bgu.qa.TestLibrary" time="0.003"/>
  <testcase name="givenInvalidISBNnumber_whenGetBookByISBN_thenIllegalArgumentException" classname="ac.il.bgu.qa.TestLibrary" time="0.001"/>
  <testcase name="givenUserGetNotificationIsNull_whenRegisterUser_ThenRaiseIllegalArgumentException" classname="ac.il.bgu.qa.TestLibrary" time="0.003"/>
  <testcase name="givenNoReviewsForTheBookInTheReviewList_whenNotifyUserWithBookReviews_ThenRaiseBookNotFoundException" classname="ac.il.bgu.qa.TestLibrary" time="0.003"/>
  <testcase name="givenBookDoesntExistInTheDataBase_whenGetBookByISBN_thenBookNotFoundException" classname="ac.il.bgu.qa.TestLibrary" time="0.003"/>
  <testcase name="givenBookISBNDOESnotMatchTheISBNrule_whenAddBook_ThenRaiseIllegalArgumentException" classname="ac.il.bgu.qa.TestLibrary" time="0.003"/>
  <testcase name="givenBookWithNonAlphaBeticMiddleCharacterInAuthorName_whenAddBook_ThenRaiseIllegalArgumentException" classname="ac.il.bgu.qa.TestLibrary" time="0.003"/>
  <testcase name="givenUserNameIsEmptyString_whenRegisterUser_ThenRaiseIllegalArgumentException" classname="ac.il.bgu.qa.TestLibrary" time="0.004"/>
  <testcase name="givenUserIdIsMoreThenTwelveDigits_whenRegisterUser_ThenRaiseIllegalArgumentException" classname="ac.il.bgu.qa.TestLibrary" time="0.004"/>
  <testcase name="givenUserIdExistsInDataBase_whenRegisterUser_ThenRaiseIllegalArgumentException" classname="ac.il.bgu.qa.TestLibrary" time="0.005"/>
  <testcase name="givenNullForReviewsForTheBookList_whenNotifyUserWithBookReviews_ThenRaiseBookNotFoundException" classname="ac.il.bgu.qa.TestLibrary" time="0.002"/>
  <testcase name="givenABookThatIsInTheDataBaseAlready_whenAddBook_ThenRaiseIllegalArgumentException" classname="ac.il.bgu.qa.TestLibrary" time="0.007"/>
  <testcase name="givenUserWithInvalidID_whenNotifyUserWithBookReviews_ThenRaiseIllegalArgumentException" classname="ac.il.bgu.qa.TestLibrary" time="0.002"/>
  <testcase name="givenAllInfoIsCorrect_whenBorrowBook_thenTheFunctionShouldWork" classname="ac.il.bgu.qa.TestLibrary" time="0.003"/>
  <testcase name="givenAllTheCorrectInfo_whenAddBook_theFunctionShouldBeExecutesFully" classname="ac.il.bgu.qa.TestLibrary" time="0.005"/>
  <testcase name="givenAnIllegalISBNNumberWithTheSumOfTheDigitsModuluTenIsZero_whenReturnBook_ThenRaiseIllegalArgumentException" classname="ac.il.bgu.qa.TestLibrary" time="0.004"/>
  <testcase name="givenUserIdIsAnEmptyString_whenRegisterUser_ThenRaiseIllegalArgumentException" classname="ac.il.bgu.qa.TestLibrary" time="0.004"/>
  <testcase name="givenBookIsNull_whenAddBook_ThenRaiseIllegalArgumentException" classname="ac.il.bgu.qa.TestLibrary" time="0.002"/>
  <testcase name="givenBookWithConsecutiveSpecialCharactersInAuthorName_whenAddBook_ThenRaiseIllegalArgumentException" classname="ac.il.bgu.qa.TestLibrary" time="0.005"/>
  <testcase name="givenBookWithNumbersInAuthorName_whenAddBook_ThenRaiseIllegalArgumentException" classname="ac.il.bgu.qa.TestLibrary" time="0.004"/>
  <testcase name="givenBookISBNisLessThenLengthThirdteen_whenReturnBook_ThenRaiseIllegalArgumentException" classname="ac.il.bgu.qa.TestLibrary" time="0.002"/>
  <testcase name="givenBookWithTrueForBorrowedState_whenAddBook_ThenRaiseIllegalArgumentException" classname="ac.il.bgu.qa.TestLibrary" time="0.003"/>
  <testcase name="givenBookWithValidISBNIsNull_whenReturnBook_ThenRaiseBookNotFoundException" classname="ac.il.bgu.qa.TestLibrary" time="0.004"/>
  <testcase name="givenISBNNumberHasLetter_whenReturnBook_ThenRaiseIllegalArgumentException" classname="ac.il.bgu.qa.TestLibrary" time="0.002"/>
  <testcase name="givenAnIllegalISBNNumberWithTheSumOfTheDigitsModuluTenIsZero_whenBorrowBook_ThenRaiseIllegalArgumentException" classname="ac.il.bgu.qa.TestLibrary" time="0.002"/>
  <testcase name="givenInvalidISBNnumber_whenNotifyUserWithBookReviews_ThenRaiseIllegalArgumentException" classname="ac.il.bgu.qa.TestLibrary" time="0.003"/>
  <testcase name="givenUserNotInTheDataBase_whenBorrowBook_ThenRaiseUserNotRegisteredException" classname="ac.il.bgu.qa.TestLibrary" time="0.002"/>
  <testcase name="givenBookISBNisLessThenLengthThirdteen_whenBorrowBook_ThenRaiseIllegalArgumentException" classname="ac.il.bgu.qa.TestLibrary" time="0.002"/>
  <testcase name="givenBookISBNDOESnotMatchTheISBNrule_whenReturnBook_ThenRaiseIllegalArgumentException" classname="ac.il.bgu.qa.TestLibrary" time="0.003"/>
  <testcase name="givenISBNNumberHasLetter_whenBorrowBook_ThenRaiseIllegalArgumentException" classname="ac.il.bgu.qa.TestLibrary" time="0.003"/>
  <testcase name="givenUserWithIDLessThenTwelveNumbers_whenBorrowBook_ThenRaiseIllegalArgumentException" classname="ac.il.bgu.qa.TestLibrary" time="0.003"/>
  <testcase name="givenUserNotFoundInTheDataBase_whenNotifyUserWithBookReviews_ThenRaiseBookNotFoundException" classname="ac.il.bgu.qa.TestLibrary" time="0.003"/>
  <testcase name="givenBookIsBorrowed_whenGetBookByISBN_thenBookAlreadyBorrowedException" classname="ac.il.bgu.qa.TestLibrary" time="0.002"/>
  <testcase name="givenUserWithIDMoreThenTwelveNumbers_whenBorrowBook_ThenRaiseIllegalArgumentException" classname="ac.il.bgu.qa.TestLibrary" time="0.001"/>
  <testcase name="givenBookWithAuthorNameIsNulll_whenAddBook_ThenRaiseIllegalArgumentException" classname="ac.il.bgu.qa.TestLibrary" time="0.003"/>
  <testcase name="givenUserIdIsNull_whenRegisterUser_ThenRaiseIllegalArgumentException" classname="ac.il.bgu.qa.TestLibrary" time="0.003"/>
  <testcase name="givenBookISBNIsmoreThanThirdteen_whenReturnBook_ThenRaiseIllegalArgumentException" classname="ac.il.bgu.qa.TestLibrary" time="0.002"/>
  <testcase name="givenBookISBNIsmoreThanThirdteen_whenAddBook_ThenRaiseIllegalArgumentException" classname="ac.il.bgu.qa.TestLibrary" time="0.002"/>
  <testcase name="givenUserIdIsLessThenTwelveDigits_whenRegisterUser_ThenRaiseIllegalArgumentException" classname="ac.il.bgu.qa.TestLibrary" time="0.002"/>
  <testcase name="givenBookNotFoundInDataBase_whenNotifyUserWithBookReviews_ThenRaiseBookNotFoundException" classname="ac.il.bgu.qa.TestLibrary" time="0.002"/>
  <testcase name="givenUserWithNullID_whenNotifyUserWithBookReviews_ThenRaiseIllegalArgumentException" classname="ac.il.bgu.qa.TestLibrary" time="0.003"/>
  <testcase name="givenBookISBNDOESnotMatchTheISBNrule_whenBorrowBook_ThenRaiseIllegalArgumentException" classname="ac.il.bgu.qa.TestLibrary" time="0.003"/>
</testsuite>